<?xml version="1.0" encoding="UTF-8"?>
<testng-results ignored="0" total="6" passed="5" failed="1" skipped="0">
  <reporter-output>
  </reporter-output>
  <suite started-at="2025-06-16T22:04:54 IST" name="Suite" finished-at="2025-06-16T22:05:38 IST" duration-ms="43917">
    <groups>
    </groups>
    <test started-at="2025-06-16T22:04:54 IST" name="Test" finished-at="2025-06-16T22:05:38 IST" duration-ms="43917">
      <class name="com.orangehrm.crm.application.tests.ApplicationTest">
        <test-method is-config="true" signature="setupReport()[pri:0, instance:com.orangehrm.crm.application.tests.ApplicationTest@7f0eb4b4]" started-at="2025-06-16T22:04:54 IST" name="setupReport" finished-at="2025-06-16T22:04:54 IST" duration-ms="142" status="PASS">
          <reporter-output>
          </reporter-output>
        </test-method> <!-- setupReport -->
        <test-method is-config="true" signature="setupBrowser(java.lang.String)[pri:0, instance:com.orangehrm.crm.application.tests.ApplicationTest@7f0eb4b4]" started-at="2025-06-16T22:04:54 IST" name="setupBrowser" finished-at="2025-06-16T22:04:56 IST" duration-ms="1471" status="PASS">
          <params>
            <param index="0">
              <value>
                <![CDATA[chrome]]>
              </value>
            </param>
          </params>
          <reporter-output>
          </reporter-output>
        </test-method> <!-- setupBrowser -->
        <test-method is-config="true" signature="initializePages()[pri:0, instance:com.orangehrm.crm.application.tests.ApplicationTest@7f0eb4b4]" started-at="2025-06-16T22:04:56 IST" name="initializePages" finished-at="2025-06-16T22:04:56 IST" depends-on-methods="com.orangehrm.crm.framework.base.BasePage.setupBrowser" duration-ms="17" status="PASS">
          <reporter-output>
          </reporter-output>
        </test-method> <!-- initializePages -->
        <test-method signature="verifyLoginPageLogoAndHeader(java.lang.String)[pri:1, instance:com.orangehrm.crm.application.tests.ApplicationTest@7f0eb4b4]" started-at="2025-06-16T22:04:56 IST" name="verifyLoginPageLogoAndHeader" data-provider="data" finished-at="2025-06-16T22:05:00 IST" duration-ms="3765" status="PASS">
          <params>
            <param index="0">
              <value>
                <![CDATA[Login]]>
              </value>
            </param>
          </params>
          <reporter-output>
          </reporter-output>
        </test-method> <!-- verifyLoginPageLogoAndHeader -->
        <test-method is-config="true" signature="teardownBrowser()[pri:0, instance:com.orangehrm.crm.application.tests.ApplicationTest@7f0eb4b4]" started-at="2025-06-16T22:05:00 IST" name="teardownBrowser" finished-at="2025-06-16T22:05:00 IST" duration-ms="143" status="PASS">
          <reporter-output>
          </reporter-output>
        </test-method> <!-- teardownBrowser -->
        <test-method is-config="true" signature="setupBrowser(java.lang.String)[pri:0, instance:com.orangehrm.crm.application.tests.ApplicationTest@7f0eb4b4]" started-at="2025-06-16T22:05:00 IST" name="setupBrowser" finished-at="2025-06-16T22:05:01 IST" duration-ms="1200" status="PASS">
          <params>
            <param index="0">
              <value>
                <![CDATA[chrome]]>
              </value>
            </param>
          </params>
          <reporter-output>
          </reporter-output>
        </test-method> <!-- setupBrowser -->
        <test-method is-config="true" signature="initializePages()[pri:0, instance:com.orangehrm.crm.application.tests.ApplicationTest@7f0eb4b4]" started-at="2025-06-16T22:05:01 IST" name="initializePages" finished-at="2025-06-16T22:05:01 IST" depends-on-methods="com.orangehrm.crm.framework.base.BasePage.setupBrowser" duration-ms="4" status="PASS">
          <reporter-output>
          </reporter-output>
        </test-method> <!-- initializePages -->
        <test-method signature="verifyLoginWithValidCredentials(java.lang.String,java.lang.String)[pri:2, instance:com.orangehrm.crm.application.tests.ApplicationTest@7f0eb4b4]" started-at="2025-06-16T22:05:01 IST" name="verifyLoginWithValidCredentials" data-provider="data" finished-at="2025-06-16T22:05:07 IST" duration-ms="5258" status="PASS">
          <params>
            <param index="0">
              <value>
                <![CDATA[Admin]]>
              </value>
            </param>
            <param index="1">
              <value>
                <![CDATA[admin123]]>
              </value>
            </param>
          </params>
          <reporter-output>
          </reporter-output>
        </test-method> <!-- verifyLoginWithValidCredentials -->
        <test-method is-config="true" signature="teardownBrowser()[pri:0, instance:com.orangehrm.crm.application.tests.ApplicationTest@7f0eb4b4]" started-at="2025-06-16T22:05:07 IST" name="teardownBrowser" finished-at="2025-06-16T22:05:07 IST" duration-ms="185" status="PASS">
          <reporter-output>
          </reporter-output>
        </test-method> <!-- teardownBrowser -->
        <test-method is-config="true" signature="setupBrowser(java.lang.String)[pri:0, instance:com.orangehrm.crm.application.tests.ApplicationTest@7f0eb4b4]" started-at="2025-06-16T22:05:07 IST" name="setupBrowser" finished-at="2025-06-16T22:05:08 IST" duration-ms="1443" status="PASS">
          <params>
            <param index="0">
              <value>
                <![CDATA[chrome]]>
              </value>
            </param>
          </params>
          <reporter-output>
          </reporter-output>
        </test-method> <!-- setupBrowser -->
        <test-method is-config="true" signature="initializePages()[pri:0, instance:com.orangehrm.crm.application.tests.ApplicationTest@7f0eb4b4]" started-at="2025-06-16T22:05:08 IST" name="initializePages" finished-at="2025-06-16T22:05:08 IST" depends-on-methods="com.orangehrm.crm.framework.base.BasePage.setupBrowser" duration-ms="6" status="PASS">
          <reporter-output>
          </reporter-output>
        </test-method> <!-- initializePages -->
        <test-method signature="verifyInvalidLogin(java.lang.String,java.lang.String)[pri:3, instance:com.orangehrm.crm.application.tests.ApplicationTest@7f0eb4b4]" started-at="2025-06-16T22:05:08 IST" name="verifyInvalidLogin" data-provider="data" finished-at="2025-06-16T22:05:14 IST" duration-ms="5317" status="PASS">
          <params>
            <param index="0">
              <value>
                <![CDATA[Bharath]]>
              </value>
            </param>
            <param index="1">
              <value>
                <![CDATA[bharath123]]>
              </value>
            </param>
          </params>
          <reporter-output>
          </reporter-output>
        </test-method> <!-- verifyInvalidLogin -->
        <test-method is-config="true" signature="teardownBrowser()[pri:0, instance:com.orangehrm.crm.application.tests.ApplicationTest@7f0eb4b4]" started-at="2025-06-16T22:05:14 IST" name="teardownBrowser" finished-at="2025-06-16T22:05:14 IST" duration-ms="126" status="PASS">
          <reporter-output>
          </reporter-output>
        </test-method> <!-- teardownBrowser -->
        <test-method is-config="true" signature="setupBrowser(java.lang.String)[pri:0, instance:com.orangehrm.crm.application.tests.ApplicationTest@7f0eb4b4]" started-at="2025-06-16T22:05:14 IST" name="setupBrowser" finished-at="2025-06-16T22:05:15 IST" duration-ms="1254" status="PASS">
          <params>
            <param index="0">
              <value>
                <![CDATA[chrome]]>
              </value>
            </param>
          </params>
          <reporter-output>
          </reporter-output>
        </test-method> <!-- setupBrowser -->
        <test-method is-config="true" signature="initializePages()[pri:0, instance:com.orangehrm.crm.application.tests.ApplicationTest@7f0eb4b4]" started-at="2025-06-16T22:05:15 IST" name="initializePages" finished-at="2025-06-16T22:05:15 IST" depends-on-methods="com.orangehrm.crm.framework.base.BasePage.setupBrowser" duration-ms="1" status="PASS">
          <reporter-output>
          </reporter-output>
        </test-method> <!-- initializePages -->
        <test-method signature="VerifyForgotLoginFeature()[pri:4, instance:com.orangehrm.crm.application.tests.ApplicationTest@7f0eb4b4]" started-at="2025-06-16T22:05:15 IST" name="VerifyForgotLoginFeature" finished-at="2025-06-16T22:05:20 IST" duration-ms="4936" status="FAIL">
          <exception class="org.openqa.selenium.InvalidElementStateException">
            <message>
              <![CDATA[invalid element state
  (Session info: chrome=137.0.7151.104)
Build info: version: '4.32.0', revision: 'd17c8aa950'
System info: os.name: 'Windows 11', os.arch: 'amd64', os.version: '10.0', java.version: '21.0.5'
Driver info: org.openqa.selenium.chrome.ChromeDriver
Command: [e4a1fd5bdda4c6fb41137d26868950a8, clearElement {id=f.86BBD75042EE815EED4E02BA9889D91C.d.C2EEA3A260551E23507FE68CF826CFCE.e.30}]
Capabilities {acceptInsecureCerts: false, browserName: chrome, browserVersion: 137.0.7151.104, chrome: {chromedriverVersion: 137.0.7151.70 (dfa4dc56b2ab..., userDataDir: C:\Users\india\AppData\Loca...}, fedcm:accounts: true, goog:chromeOptions: {debuggerAddress: localhost:51096}, networkConnectionEnabled: false, pageLoadStrategy: normal, platformName: windows, proxy: Proxy(), se:cdp: ws://localhost:51096/devtoo..., se:cdpVersion: 137.0.7151.104, setWindowRect: true, strictFileInteractability: false, timeouts: {implicit: 0, pageLoad: 300000, script: 30000}, unhandledPromptBehavior: dismiss and notify, webauthn:extension:credBlob: true, webauthn:extension:largeBlob: true, webauthn:extension:minPinLength: true, webauthn:extension:prf: true, webauthn:virtualAuthenticators: true}
Element: [[ChromeDriver: chrome on windows (e4a1fd5bdda4c6fb41137d26868950a8)] -> xpath: //h6[text()='Reset Password']]
Session ID: e4a1fd5bdda4c6fb41137d26868950a8]]>
            </message>
            <full-stacktrace>
              <![CDATA[org.openqa.selenium.InvalidElementStateException: invalid element state
  (Session info: chrome=137.0.7151.104)
Build info: version: '4.32.0', revision: 'd17c8aa950'
System info: os.name: 'Windows 11', os.arch: 'amd64', os.version: '10.0', java.version: '21.0.5'
Driver info: org.openqa.selenium.chrome.ChromeDriver
Command: [e4a1fd5bdda4c6fb41137d26868950a8, clearElement {id=f.86BBD75042EE815EED4E02BA9889D91C.d.C2EEA3A260551E23507FE68CF826CFCE.e.30}]
Capabilities {acceptInsecureCerts: false, browserName: chrome, browserVersion: 137.0.7151.104, chrome: {chromedriverVersion: 137.0.7151.70 (dfa4dc56b2ab..., userDataDir: C:\Users\india\AppData\Loca...}, fedcm:accounts: true, goog:chromeOptions: {debuggerAddress: localhost:51096}, networkConnectionEnabled: false, pageLoadStrategy: normal, platformName: windows, proxy: Proxy(), se:cdp: ws://localhost:51096/devtoo..., se:cdpVersion: 137.0.7151.104, setWindowRect: true, strictFileInteractability: false, timeouts: {implicit: 0, pageLoad: 300000, script: 30000}, unhandledPromptBehavior: dismiss and notify, webauthn:extension:credBlob: true, webauthn:extension:largeBlob: true, webauthn:extension:minPinLength: true, webauthn:extension:prf: true, webauthn:virtualAuthenticators: true}
Element: [[ChromeDriver: chrome on windows (e4a1fd5bdda4c6fb41137d26868950a8)] -> xpath: //h6[text()='Reset Password']]
Session ID: e4a1fd5bdda4c6fb41137d26868950a8
at java.base/jdk.internal.reflect.DirectConstructorHandleAccessor.newInstance(DirectConstructorHandleAccessor.java:62)
at java.base/java.lang.reflect.Constructor.newInstanceWithCaller(Constructor.java:502)
at java.base/java.lang.reflect.Constructor.newInstance(Constructor.java:486)
at org.openqa.selenium.remote.ErrorCodec.decode(ErrorCodec.java:167)
at org.openqa.selenium.remote.codec.w3c.W3CHttpResponseCodec.decode(W3CHttpResponseCodec.java:138)
at org.openqa.selenium.remote.codec.w3c.W3CHttpResponseCodec.decode(W3CHttpResponseCodec.java:50)
at org.openqa.selenium.remote.HttpCommandExecutor.execute(HttpCommandExecutor.java:215)
at org.openqa.selenium.remote.service.DriverCommandExecutor.invokeExecute(DriverCommandExecutor.java:216)
at org.openqa.selenium.remote.service.DriverCommandExecutor.execute(DriverCommandExecutor.java:174)
at org.openqa.selenium.remote.RemoteWebDriver.execute(RemoteWebDriver.java:545)
at org.openqa.selenium.remote.RemoteWebElement.execute(RemoteWebElement.java:223)
at org.openqa.selenium.remote.RemoteWebElement.clear(RemoteWebElement.java:129)
at java.base/jdk.internal.reflect.DirectMethodHandleAccessor.invoke(DirectMethodHandleAccessor.java:103)
at java.base/java.lang.reflect.Method.invoke(Method.java:580)
at org.openqa.selenium.support.pagefactory.internal.LocatingElementHandler.invoke(LocatingElementHandler.java:51)
at jdk.proxy2/jdk.proxy2.$Proxy16.clear(Unknown Source)
at com.orangehrm.crm.framework.web.commons.WebCommons.enterText(WebCommons.java:103)
at com.orangehrm.crm.application.steps.ForgotLoginSteps.enterUsernameTorestThePassword(ForgotLoginSteps.java:60)
at com.orangehrm.crm.application.tests.ApplicationTest.VerifyForgotLoginFeature(ApplicationTest.java:80)
at java.base/jdk.internal.reflect.DirectMethodHandleAccessor.invoke(DirectMethodHandleAccessor.java:103)
at java.base/java.lang.reflect.Method.invoke(Method.java:580)
at org.testng.internal.MethodInvocationHelper.invokeMethod(MethodInvocationHelper.java:133)
at org.testng.internal.TestInvoker.invokeMethod(TestInvoker.java:598)
at org.testng.internal.TestInvoker.invokeTestMethod(TestInvoker.java:173)
at org.testng.internal.MethodRunner.runInSequence(MethodRunner.java:46)
at org.testng.internal.TestInvoker$MethodInvocationAgent.invoke(TestInvoker.java:824)
at org.testng.internal.TestInvoker.invokeTestMethods(TestInvoker.java:146)
at org.testng.internal.TestMethodWorker.invokeTestMethods(TestMethodWorker.java:146)
at org.testng.internal.TestMethodWorker.run(TestMethodWorker.java:128)
at java.base/java.util.ArrayList.forEach(ArrayList.java:1596)
at org.testng.TestRunner.privateRun(TestRunner.java:794)
at org.testng.TestRunner.run(TestRunner.java:596)
at org.testng.SuiteRunner.runTest(SuiteRunner.java:377)
at org.testng.SuiteRunner.runSequentially(SuiteRunner.java:371)
at org.testng.SuiteRunner.privateRun(SuiteRunner.java:332)
at org.testng.SuiteRunner.run(SuiteRunner.java:276)
at org.testng.SuiteRunnerWorker.runSuite(SuiteRunnerWorker.java:53)
at org.testng.SuiteRunnerWorker.run(SuiteRunnerWorker.java:96)
at org.testng.TestNG.runSuitesSequentially(TestNG.java:1212)
at org.testng.TestNG.runSuitesLocally(TestNG.java:1134)
at org.testng.TestNG.runSuites(TestNG.java:1063)
at org.testng.TestNG.run(TestNG.java:1031)
at org.testng.remote.AbstractRemoteTestNG.run(AbstractRemoteTestNG.java:115)
at org.testng.remote.RemoteTestNG.initAndRun(RemoteTestNG.java:293)
at org.testng.remote.RemoteTestNG.main(RemoteTestNG.java:91)
]]>
            </full-stacktrace>
          </exception> <!-- org.openqa.selenium.InvalidElementStateException -->
          <reporter-output>
          </reporter-output>
        </test-method> <!-- VerifyForgotLoginFeature -->
        <test-method is-config="true" signature="teardownBrowser()[pri:0, instance:com.orangehrm.crm.application.tests.ApplicationTest@7f0eb4b4]" started-at="2025-06-16T22:05:20 IST" name="teardownBrowser" finished-at="2025-06-16T22:05:20 IST" duration-ms="142" status="PASS">
          <reporter-output>
          </reporter-output>
        </test-method> <!-- teardownBrowser -->
        <test-method is-config="true" signature="setupBrowser(java.lang.String)[pri:0, instance:com.orangehrm.crm.application.tests.ApplicationTest@7f0eb4b4]" started-at="2025-06-16T22:05:20 IST" name="setupBrowser" finished-at="2025-06-16T22:05:22 IST" duration-ms="1244" status="PASS">
          <params>
            <param index="0">
              <value>
                <![CDATA[chrome]]>
              </value>
            </param>
          </params>
          <reporter-output>
          </reporter-output>
        </test-method> <!-- setupBrowser -->
        <test-method is-config="true" signature="initializePages()[pri:0, instance:com.orangehrm.crm.application.tests.ApplicationTest@7f0eb4b4]" started-at="2025-06-16T22:05:22 IST" name="initializePages" finished-at="2025-06-16T22:05:22 IST" depends-on-methods="com.orangehrm.crm.framework.base.BasePage.setupBrowser" duration-ms="2" status="PASS">
          <reporter-output>
          </reporter-output>
        </test-method> <!-- initializePages -->
        <test-method signature="VerifyProfileImageInHomePage(java.lang.String,java.lang.String)[pri:5, instance:com.orangehrm.crm.application.tests.ApplicationTest@7f0eb4b4]" started-at="2025-06-16T22:05:22 IST" name="VerifyProfileImageInHomePage" data-provider="data" finished-at="2025-06-16T22:05:29 IST" duration-ms="7772" status="PASS">
          <params>
            <param index="0">
              <value>
                <![CDATA[Admin]]>
              </value>
            </param>
            <param index="1">
              <value>
                <![CDATA[admin123]]>
              </value>
            </param>
          </params>
          <reporter-output>
          </reporter-output>
        </test-method> <!-- VerifyProfileImageInHomePage -->
        <test-method is-config="true" signature="teardownBrowser()[pri:0, instance:com.orangehrm.crm.application.tests.ApplicationTest@7f0eb4b4]" started-at="2025-06-16T22:05:29 IST" name="teardownBrowser" finished-at="2025-06-16T22:05:29 IST" duration-ms="121" status="PASS">
          <reporter-output>
          </reporter-output>
        </test-method> <!-- teardownBrowser -->
        <test-method is-config="true" signature="setupBrowser(java.lang.String)[pri:0, instance:com.orangehrm.crm.application.tests.ApplicationTest@7f0eb4b4]" started-at="2025-06-16T22:05:30 IST" name="setupBrowser" finished-at="2025-06-16T22:05:31 IST" duration-ms="1123" status="PASS">
          <params>
            <param index="0">
              <value>
                <![CDATA[chrome]]>
              </value>
            </param>
          </params>
          <reporter-output>
          </reporter-output>
        </test-method> <!-- setupBrowser -->
        <test-method is-config="true" signature="initializePages()[pri:0, instance:com.orangehrm.crm.application.tests.ApplicationTest@7f0eb4b4]" started-at="2025-06-16T22:05:31 IST" name="initializePages" finished-at="2025-06-16T22:05:31 IST" depends-on-methods="com.orangehrm.crm.framework.base.BasePage.setupBrowser" duration-ms="1" status="PASS">
          <reporter-output>
          </reporter-output>
        </test-method> <!-- initializePages -->
        <test-method signature="VerifyHomePageMenus(java.lang.String,java.lang.String)[pri:6, instance:com.orangehrm.crm.application.tests.ApplicationTest@7f0eb4b4]" started-at="2025-06-16T22:05:31 IST" name="VerifyHomePageMenus" data-provider="data" finished-at="2025-06-16T22:05:38 IST" duration-ms="6929" status="PASS">
          <params>
            <param index="0">
              <value>
                <![CDATA[Admin]]>
              </value>
            </param>
            <param index="1">
              <value>
                <![CDATA[admin123]]>
              </value>
            </param>
          </params>
          <reporter-output>
          </reporter-output>
        </test-method> <!-- VerifyHomePageMenus -->
        <test-method is-config="true" signature="teardownBrowser()[pri:0, instance:com.orangehrm.crm.application.tests.ApplicationTest@7f0eb4b4]" started-at="2025-06-16T22:05:38 IST" name="teardownBrowser" finished-at="2025-06-16T22:05:38 IST" duration-ms="160" status="PASS">
          <reporter-output>
          </reporter-output>
        </test-method> <!-- teardownBrowser -->
      </class> <!-- com.orangehrm.crm.application.tests.ApplicationTest -->
    </test> <!-- Test -->
  </suite> <!-- Suite -->
</testng-results>
